2025-04-01 02:06:52,124 - MainThread - sqlmesh.core.config.connection - INFO - Creating new DuckDB adapter for data files: {'db.db'} (connection.py:340)
2025-04-01 02:06:53,570 - MainThread - sqlmesh.core.config.connection - INFO - Creating new DuckDB adapter for in-memory database (connection.py:342)
2025-04-01 02:06:53,729 - MainThread - sqlmesh.core.config.connection - INFO - Using existing DuckDB adapter due to overlapping data file: db.db (connection.py:330)
2025-04-01 02:07:01,300 - MainThread - sqlmesh.core.snapshot.evaluator - INFO - Listing data objects in schema db.sqlmesh__sqlmesh_example (evaluator.py:323)
2025-04-01 02:07:01,300 - MainThread - sqlmesh.core.engine_adapter.base - INFO - Executing SQL: SELECT CURRENT_CATALOG() (base.py:2113)
2025-04-01 02:07:01,305 - MainThread - sqlmesh.core.engine_adapter.base - INFO - Executing SQL: SELECT CURRENT_CATALOG() (base.py:2113)
2025-04-01 02:07:01,306 - MainThread - sqlmesh.core.engine_adapter.base - INFO - Executing SQL: SELECT table_name AS name, table_schema AS schema, CASE table_type WHEN 'BASE TABLE' THEN 'table' WHEN 'VIEW' THEN 'view' WHEN 'LOCAL TEMPORARY' THEN 'table' END AS type FROM system.information_schema.tables WHERE (table_catalog = 'db' AND table_schema = 'sqlmesh__sqlmesh_example') AND table_name IN ('sqlmesh_example__incremental_model__1112624828', 'sqlmesh_example__full_model__2278521865', 'sqlmesh_example__full_model__2278521865__dev', 'sqlmesh_example__seed_model__2185867172') (base.py:2113)
2025-04-01 02:07:01,360 - MainThread - sqlmesh.core.state_sync.db.facade - INFO - Promoting environment 'prod' (facade.py:165)
2025-04-01 02:07:01,400 - MainThread - sqlmesh.core.state_sync.db.snapshot - INFO - Pausing snapshot SnapshotId<"db"."sqlmesh_example"."full_model": 168764803> (snapshot.py:173)
2025-04-01 02:07:01,400 - MainThread - sqlmesh.core.state_sync.db.snapshot - INFO - Unpausing snapshot SnapshotId<"db"."sqlmesh_example"."full_model": 2387731162> (snapshot.py:144)
2025-04-01 02:07:01,400 - MainThread - sqlmesh.core.state_sync.db.snapshot - INFO - Unpausing snapshot SnapshotId<"db"."sqlmesh_example"."incremental_model": 2468408252> (snapshot.py:144)
2025-04-01 02:07:01,409 - MainThread - sqlmesh.core.snapshot.evaluator - INFO - Creating schema 'db.sqlmesh_example' (evaluator.py:1070)
2025-04-01 02:07:01,409 - MainThread - sqlmesh.core.engine_adapter.base - INFO - Executing SQL: CREATE SCHEMA IF NOT EXISTS "db"."sqlmesh_example" (base.py:2113)
2025-04-01 02:07:01,410 - MainThread - sqlmesh.core.snapshot.evaluator - INFO - Updating view 'db.sqlmesh_example.incremental_model' to point at table 'db.sqlmesh__sqlmesh_example.sqlmesh_example__incremental_model__1112624828' (evaluator.py:1377)
2025-04-01 02:07:01,410 - MainThread - sqlmesh.core.engine_adapter.base - INFO - Executing SQL: CREATE OR REPLACE VIEW "db"."sqlmesh_example"."incremental_model" AS SELECT * FROM "db"."sqlmesh__sqlmesh_example"."sqlmesh_example__incremental_model__1112624828" (base.py:2113)
2025-04-01 02:07:01,410 - MainThread - sqlmesh.core.engine_adapter.base - INFO - Executing SQL: COMMENT ON COLUMN "db"."sqlmesh_example"."incremental_model"."new_column" IS 'adding new column' (base.py:2113)
2025-04-01 02:07:01,410 - MainThread - sqlmesh.core.snapshot.evaluator - INFO - Updating view 'db.sqlmesh_example.full_model' to point at table 'db.sqlmesh__sqlmesh_example.sqlmesh_example__full_model__2278521865' (evaluator.py:1377)
2025-04-01 02:07:01,410 - MainThread - sqlmesh.core.engine_adapter.base - INFO - Executing SQL: CREATE OR REPLACE VIEW "db"."sqlmesh_example"."full_model" AS SELECT * FROM "db"."sqlmesh__sqlmesh_example"."sqlmesh_example__full_model__2278521865" (base.py:2113)
2025-04-01 02:07:01,410 - MainThread - sqlmesh.core.state_sync.db.environment - INFO - Finalizing environment 'prod' (environment.py:135)
2025-04-01 02:07:01,448 - MainThread - root - INFO - Shutting down the event dispatcher (dispatcher.py:159)
